#! /usr/local/bin/vvp
:ivl_version "12.0 (stable)";
:ivl_delay_selection "TYPICAL";
:vpi_time_precision + 0;
:vpi_module "/usr/local/lib/ivl/system.vpi";
:vpi_module "/usr/local/lib/ivl/vhdl_sys.vpi";
:vpi_module "/usr/local/lib/ivl/vhdl_textio.vpi";
:vpi_module "/usr/local/lib/ivl/v2005_math.vpi";
:vpi_module "/usr/local/lib/ivl/va_math.vpi";
:vpi_module "/usr/local/lib/ivl/v2009.vpi";
S_0x1c49c220 .scope package, "$unit" "$unit" 2 1;
 .timescale 0 0;
S_0x1c4aeaf0 .scope module, "tb_lfsr_4bit" "tb_lfsr_4bit" 3 3;
 .timescale 0 0;
v0x1c4c1fa0_0 .var "clk", 0 0;
v0x1c4c2040_0 .net "q", 3 0, v0x1c4c1d30_0;  1 drivers
v0x1c4c2110_0 .var "reset", 0 0;
S_0x1c4aec80 .scope module, "uut" "lfsr_4bit" 3 7, 4 2 0, S_0x1c4aeaf0;
 .timescale 0 0;
    .port_info 0 /INPUT 1 "clk";
    .port_info 1 /INPUT 1 "reset";
    .port_info 2 /OUTPUT 4 "q";
L_0x1c4c23d0 .functor XOR 1, L_0x1c4c2210, L_0x1c4c2330, C4<0>, C4<0>;
v0x1c4af4f0_0 .net *"_ivl_1", 0 0, L_0x1c4c2210;  1 drivers
v0x1c4c1ac0_0 .net *"_ivl_3", 0 0, L_0x1c4c2330;  1 drivers
v0x1c4c1ba0_0 .net "clk", 0 0, v0x1c4c1fa0_0;  1 drivers
v0x1c4c1c70_0 .net "feedback", 0 0, L_0x1c4c23d0;  1 drivers
v0x1c4c1d30_0 .var "q", 3 0;
v0x1c4c1e60_0 .net "reset", 0 0, v0x1c4c2110_0;  1 drivers
E_0x1c4aeeb0 .event posedge, v0x1c4c1e60_0, v0x1c4c1ba0_0;
L_0x1c4c2210 .part v0x1c4c1d30_0, 3, 1;
L_0x1c4c2330 .part v0x1c4c1d30_0, 2, 1;
    .scope S_0x1c4aec80;
T_0 ;
    %wait E_0x1c4aeeb0;
    %load/vec4 v0x1c4c1e60_0;
    %flag_set/vec4 8;
    %jmp/0xz  T_0.0, 8;
    %pushi/vec4 1, 0, 4;
    %assign/vec4 v0x1c4c1d30_0, 0;
    %jmp T_0.1;
T_0.0 ;
    %load/vec4 v0x1c4c1d30_0;
    %parti/s 3, 0, 2;
    %load/vec4 v0x1c4c1c70_0;
    %concat/vec4; draw_concat_vec4
    %assign/vec4 v0x1c4c1d30_0, 0;
T_0.1 ;
    %jmp T_0;
    .thread T_0;
    .scope S_0x1c4aeaf0;
T_1 ;
    %pushi/vec4 0, 0, 1;
    %store/vec4 v0x1c4c1fa0_0, 0, 1;
T_1.0 ;
    %delay 5, 0;
    %load/vec4 v0x1c4c1fa0_0;
    %inv;
    %store/vec4 v0x1c4c1fa0_0, 0, 1;
    %jmp T_1.0;
    %end;
    .thread T_1;
    .scope S_0x1c4aeaf0;
T_2 ;
    %vpi_call/w 3 21 "$display", "Time\011Q" {0 0 0};
    %vpi_call/w 3 22 "$monitor", "%0t\011%b", $time, v0x1c4c2040_0 {0 0 0};
    %pushi/vec4 1, 0, 1;
    %store/vec4 v0x1c4c2110_0, 0, 1;
    %delay 10, 0;
    %pushi/vec4 0, 0, 1;
    %store/vec4 v0x1c4c2110_0, 0, 1;
    %delay 100, 0;
    %vpi_call/w 3 29 "$finish" {0 0 0};
    %end;
    .thread T_2;
# The file index is used to find the file name in the following table.
:file_names 5;
    "N/A";
    "<interactive>";
    "-";
    "testbench.sv";
    "design.sv";
